<?xml version="1.0" encoding="UTF-8" ?>
<testsuite tests="4" failures="0" name="runner.TestRunner" time="1.945" errors="0" skipped="0">
  <properties>
[...]
</properties>
  <testcase classname="Validate the API Jsonplaceholder" name="validate if the emails in the comments are properly formatted" time="1.746"/>
  <testcase classname="Validate the API Jsonplaceholder" name="validate the username search by an inexistent user" time="0.069"/>
  <testcase classname="Validate the API Jsonplaceholder" name="validate the post search by an inexistent user id" time="0.057"/>
  <testcase classname="Validate the API Jsonplaceholder" name="validate the post comment search by an inexistent post id" time="0.073"/>
</testsuite>